-------------- Paramètres d'entrée --------------
Objet : epsilon CrA
Instrument : eShel 6H-139
Site : Universidad Andes Bogota
Observateur : Benjamin Oostra
Répertoire de travail : c:\users\public\datos astro\septiembre 13\
Nom générique des spectres 2D : epscraC-
Nombre de spectres 2D bruts : 1
Fichier offset : biasmaster
Fichier dark : DARK600-0
Ficher PRNU : plano
Fichier tungstène : tung_epscra
Fichier LED : tung_epscra
Fichier Thorium-Argon : thor_epscra
Fichier cosmétique : cosmetic-optimizado
Fichier de réponse spectrale (traitement global) : 
Décalage en vitesse : 0
Correction des rayons cosmiques non effectuée
Premier ordre analysé : 32
Dernier ordre analysé : 52
Largeur de la zone de binning : 8
Largeur de la boite de recherche des raies : 10
Nombre d'itération sélection des raies ThorAr : 4
Rang de l'ordre de référence : 34
Coordonnée Y de l'ordre de référence (centre image) : 413
Longueur d'onde de référence : 6583.906
Coordonnée X de la raie de référence : 334
Seuil de détection des ordres : 1000
Angle alpha : 64.05
Angle gamma : 5.75
Nombre de traits au mm : 79
Nombre de pixels en X : 900
Nombre de pixels en Y : 500
Taille des pixels : 13.60
Focale : 85
Delta heure : 0
-------------------- Traitement --------------------
Nombre d'ordres trouvé : 22
Ordre #32 - Position : 445
Ordre #33 - Position : 434
Ordre #34 - Position : 411
Ordre #35 - Position : 399
Ordre #36 - Position : 387
Ordre #37 - Position : 374
Ordre #38 - Position : 361
Ordre #39 - Position : 347
Ordre #40 - Position : 333
Ordre #41 - Position : 318
Ordre #42 - Position : 303
Ordre #43 - Position : 288
Ordre #44 - Position : 272
Ordre #45 - Position : 255
Ordre #46 - Position : 238
Ordre #47 - Position : 220
Ordre #48 - Position : 202
Ordre #49 - Position : 182
Ordre #50 - Position : 163
Ordre #51 - Position : 142
Ordre #52 - Position : 121
Ordre #32 :   RMS = .6031   -   Nb. raies = 9
Ordre #33 :   RMS = .5557   -   Nb. raies = 10
Ordre #34 :   RMS = .0083   -   Nb. raies = 15
Ordre #35 :   RMS = .0062   -   Nb. raies = 15
Ordre #36 :   RMS = .0034   -   Nb. raies = 13
Ordre #37 :   RMS = .0027   -   Nb. raies = 14
Ordre #38 :   RMS = .0064   -   Nb. raies = 16
Ordre #39 :   RMS = .0075   -   Nb. raies = 19
Ordre #40 :   RMS = .0077   -   Nb. raies = 13
Ordre #41 :   RMS = .0110   -   Nb. raies = 17
Ordre #42 :   RMS = .0206   -   Nb. raies = 19
Ordre #43 :   RMS = .0116   -   Nb. raies = 18
Ordre #44 :   RMS = .0108   -   Nb. raies = 17
Ordre #45 :   RMS = .0076   -   Nb. raies = 14
Ordre #46 :   RMS = .0075   -   Nb. raies = 14
Ordre #47 :   RMS = .0034   -   Nb. raies = 14
Ordre #48 :   RMS = .0057   -   Nb. raies = 13
Ordre #49 :   RMS = .0057   -   Nb. raies = 13
Ordre #50 :   RMS = .0056   -   Nb. raies = 11
Ordre #51 :   RMS = .0075   -   Nb. raies = 11
Ordre #52 :   RMS = .0037   -   Nb. raies = 9
Resolution : 
Order #32 :  FWHM = 1.80  -  Dispersion = .294 A/pixel  -  R = 13266.5
Order #33 :  FWHM = 3.03  -  Dispersion = .288 A/pixel  -  R = 7793.6
Order #34 :  FWHM = 2.12  -  Dispersion = .272 A/pixel  -  R = 11498.7
Order #35 :  FWHM = 2.10  -  Dispersion = .265 A/pixel  -  R = 11564.2
Order #36 :  FWHM = 2.04  -  Dispersion = .261 A/pixel  -  R = 11759.4
Order #37 :  FWHM = 2.14  -  Dispersion = .251 A/pixel  -  R = 11314.8
Order #38 :  FWHM = 2.27  -  Dispersion = .248 A/pixel  -  R = 10559.3
Order #39 :  FWHM = 2.30  -  Dispersion = .241 A/pixel  -  R = 10392.0
Order #40 :  FWHM = 2.40  -  Dispersion = .230 A/pixel  -  R = 10195.0
Order #41 :  FWHM = 2.40  -  Dispersion = .232 A/pixel  -  R = 9837.6
Order #42 :  FWHM = 2.52  -  Dispersion = .223 A/pixel  -  R = 9523.6
Order #43 :  FWHM = 2.53  -  Dispersion = .221 A/pixel  -  R = 9353.2
Order #44 :  FWHM = 2.48  -  Dispersion = .213 A/pixel  -  R = 9662.5
Order #45 :  FWHM = 2.38  -  Dispersion = .208 A/pixel  -  R = 10099.2
Order #46 :  FWHM = 2.17  -  Dispersion = .205 A/pixel  -  R = 10944.2
Order #47 :  FWHM = 2.03  -  Dispersion = .199 A/pixel  -  R = 11848.7
Order #48 :  FWHM = 2.05  -  Dispersion = .195 A/pixel  -  R = 11696.1
Order #49 :  FWHM = 1.86  -  Dispersion = .194 A/pixel  -  R = 12719.5
Order #50 :  FWHM = 2.14  -  Dispersion = .186 A/pixel  -  R = 11267.6
Order #51 :  FWHM = 2.59  -  Dispersion = .185 A/pixel  -  R = 9203.7
Order #52 :  FWHM = 3.31  -  Dispersion = .178 A/pixel  -  R = 7358.7
-------------- Paramètres de sortie --------------
Nom du profil de sortie : _epsiloncra_20130914_057_full
Date de prive de vue : 14/09/2013 01:21:52 a.m.
Durée de prise de vue : 900.0
Durée de prise de vue décomposée : 1 x 900 s
Date de milieu de prise de vue : 14.062/09/2013
Jour Julien géocentrique du milieu de prise de vue : 2456549.5621
