junio 5 A: Date de milieu de prise de vue : 4.997/06/2013
junio 5 B: Date de milieu de prise de vue : 5.002/06/2013
Junio 5 C: Date de milieu de prise de vue : 5.008/06/2013
junio 5 D: Date de milieu de prise de vue : 5.023/06/2013
junio 5 E: Date de milieu de prise de vue : 5.028/06/2013
junio 5 F: Date de milieu de prise de vue : 5.044/06/2013
junio 5 G: Date de milieu de prise de vue : 5.066/06/2013
junio 5 H: Date de milieu de prise de vue : 5.086/06/2013
junio 5 I: 5.106/06/2013
junio 5 J: 5.127/06/2013
junio 5 K: 5.133/06/2013
junio 5 L: 5.147/06/2013
junio 5 M: 5.168/06/2013
junio 5 N: 5.178/06/2013
junio 5 O: 5.189/06/2013
junio 5 P: 5.212/06/2013
junio 5 Q: 5.231/06/2013
junio 21 A: 21.993/06/2013
junio 21 B: 21.995/06/2013
junio 21 C: 21.998/06/2013
junio 21 D: 22.005/06/2013
junio 21 E: 22.018/06/2013
junio 21 F: 22.069/06/2013
junio 21 G: 22.072/06/2013
junio 21 H: 22.076/06/2013
junio 21 I: 22.082/06/2013
junio 21 J: 22.090/06/2013
junio 21 K: 22.094/06/2013
julio 2 A: 3.071/07/2013
julio 2 B: 3.144/07/2013  - ESTOS
julio 2 C: 3.134/07/2013  - ESPECTROS
julio 2 D: 3.122/07/2013  - TIENEN LOS
julio 2 E: 3.110/07/2013  - RÓTULOS (B,C,D...)
julio 2 F: 3.096/07/2013  - EN ORDEN TEMPORAL
julio 2 G: 3.080/07/2013  - INVERTIDO
julio 2 H: 3.149/07/2013
julio 3 A: 4.124/07/2013      29.026
julio 3 B: 4.127/07/2013      29.031
julio 3 C: 4.130/07/2013      29.037
julio 4 A: 5.009/07/2013  - FALTA EL PERFIL PERO SE PUEDE CONSEGUIR
julio 4 B: 5.013/07/2013      28.856
julio 4 C: 5.019/07/2013      28.873


LÍNEA DE HELIO DE  4387,929 ANGSTRO      28.873M
