P 623 1
P 244 2
P 658 2
P 666 2
P 404 3
P 868 3
P 435 5
P 484 5
P 851 5
P 870 9
P 739 10
P 505 11
P 737 11
P 115 12
P 209 13
P 509 14
P 403 16
P 686 16
P 141 17
P 332 20
P 403 22
P 202 23
P 496 23
P 91 24
P 320 24
P 558 24
P 171 25
P 852 26
P 466 27
P 659 27
P 18 28
P 338 28
P 369 28
P 633 30
P 213 31
P 673 33
P 126 34
P 50 35
P 279 35
P 563 35
P 256 37
P 391 37
P 583 37
P 683 37
P 698 39
P 416 41
P 92 44
P 213 46
P 390 46
P 22 50
P 478 50
P 561 50
P 245 51
P 316 51
P 178 53
P 182 54
P 521 54
P 535 55
P 761 56
P 326 57
P 498 58
P 443 59
P 503 59
P 585 59
P 819 59
P 753 60
P 388 61
P 54 62
P 735 62
P 179 63
P 338 63
P 487 63
P 518 63
P 840 65
P 678 67
P 105 68
P 879 68
P 116 70
P 295 70
P 449 72
P 414 75
P 650 75
P 214 77
P 288 77
P 8 79
P 114 80
P 639 80
P 359 81
P 642 81
P 623 82
P 682 82
P 706 82
P 204 83
P 218 84
P 662 84
P 573 85
P 628 85
P 313 86
P 459 86
P 282 88
P 96 90
P 260 90
P 463 91
P 793 91
P 840 91
P 898 91
P 663 93
P 746 93
P 30 95
P 122 95
P 460 96
P 480 97
P 242 98
P 34 99
P 326 100
P 589 100
P 725 100
P 116 101
P 342 101
P 109 106
P 361 106
P 843 108
P 744 109
P 517 110
P 800 110
P 248 111
P 469 112
P 570 112
P 646 113
P 732 113
P 756 113
P 838 113
P 15 116
P 178 116
P 730 116
P 767 116
P 239 117
P 331 117
P 379 117
P 645 117
P 854 117
P 181 118
P 526 119
P 788 120
P 600 121
P 11 122
P 95 123
P 101 123
P 394 123
P 716 124
P 19 127
P 624 127
P 627 127
P 301 128
P 616 128
P 14 134
P 234 134
P 656 134
P 618 135
P 819 135
P 697 140
P 547 141
P 805 141
P 415 143
P 187 144
P 196 147
P 707 147
P 3 148
P 80 148
P 772 148
P 69 149
P 859 150
P 891 150
P 287 152
P 646 152
P 370 154
P 632 154
P 868 155
P 55 159
P 762 159
P 389 163
P 810 166
P 125 168
P 873 168
P 650 169
P 263 171
P 155 172
P 752 172
P 897 173
P 612 174
P 504 176
P 354 180
P 446 180
P 632 181
P 98 183
P 171 184
P 693 184
P 451 185
P 58 187
P 582 187
P 591 187
P 546 189
P 130 191
P 505 192
P 750 192
P 83 194
P 727 198
P 772 198
P 96 201
P 306 201
P 877 202
P 893 202
P 900 203
P 67 204
P 660 205
P 593 206
P 857 208
P 340 209
P 431 210
P 35 212
P 291 212
P 6 213
P 35 214
P 253 216
P 637 216
P 550 217
P 671 217
P 819 218
P 664 219
P 98 223
P 430 223
P 350 224
P 709 224
P 240 225
P 583 226
P 403 227
P 466 227
P 184 228
P 680 228
P 375 229
P 151 231
P 436 234
P 629 235
P 838 237
P 85 238
P 724 240
P 144 242
P 8 243
P 65 243
P 245 243
P 876 243
P 507 245
P 773 245
P 446 246
P 787 246
P 346 247
P 883 247
P 52 248
P 74 248
P 615 249
P 170 250
P 389 251
P 625 251
P 832 251
P 459 252
P 810 252
P 502 254
P 73 255
P 254 255
P 873 255
P 30 256
P 521 258
P 38 259
P 821 259
P 76 260
P 150 261
P 666 261
P 633 266
P 643 266
P 132 268
P 222 268
P 428 268
P 499 269
P 55 270
P 456 270
P 676 270
P 268 272
P 170 275
P 662 275
P 140 276
P 592 276
P 72 278
P 834 279
P 369 281
P 447 281
P 795 281
P 750 283
P 102 284
P 307 284
P 353 285
P 487 286
P 466 287
P 685 287
P 473 288
P 856 288
P 77 293
P 346 293
P 185 294
P 222 294
P 568 294
P 888 295
P 875 297
P 92 300
P 702 300
P 109 301
P 492 301
P 751 301
P 830 302
P 375 304
P 437 306
P 493 306
P 677 307
P 748 309
P 312 310
P 277 311
P 504 311
P 616 311
P 445 312
P 900 312
P 230 320
P 266 320
P 532 323
P 640 324
P 122 328
P 395 328
P 309 330
P 516 330
P 359 331
P 644 331
P 687 332
P 666 333
P 322 335
P 193 336
P 778 336
P 801 336
P 708 337
P 900 339
P 176 340
P 411 342
P 152 345
P 12 346
P 140 346
P 258 347
P 581 347
P 254 349
P 656 349
P 298 351
P 406 352
P 480 352
P 713 354
P 242 355
P 536 355
P 388 356
P 530 356
P 559 356
P 679 356
P 822 356
P 551 358
P 454 359
P 786 360
P 869 362
P 431 363
P 512 364
P 384 365
P 698 368
P 112 369
P 6 370
P 834 371
P 448 374
P 893 374
P 345 375
P 474 376
P 767 376
P 780 377
P 520 378
P 827 380
P 525 383
P 434 384
P 143 386
P 276 386
P 466 386
P 104 389
P 490 389
P 457 392
P 561 393
P 52 395
P 406 395
P 277 396
P 448 396
P 679 397
P 582 398
P 493 399
P 415 400
P 207 401
P 870 401
P 264 402
P 603 403
P 704 407
P 201 408
P 806 408
P 259 409
P 202 410
P 266 410
P 570 410
P 126 413
P 357 413
P 881 413
P 352 415
P 153 416
P 27 417
P 495 417
P 746 418
P 176 420
P 212 422
P 119 424
P 90 426
P 527 427
P 267 428
P 176 429
P 237 429
P 480 429
P 557 429
P 824 429
P 866 429
P 819 430
P 14 432
P 618 432
P 221 433
P 541 433
P 288 435
P 412 436
P 40 437
P 50 439
P 67 440
P 613 440
P 897 440
P 775 443
P 684 444
P 340 445
P 777 445
P 503 449
P 48 450
P 326 452
P 401 452
P 598 452
P 666 454
P 808 454
P 816 459
P 717 460
P 159 461
P 174 461
P 256 463
P 696 463
P 337 464
P 399 464
P 680 467
P 367 468
P 601 469
P 861 469
P 637 470
P 78 472
P 214 474
P 659 475
P 770 475
P 832 477
P 6 483
P 363 484
P 422 484
P 4 486
P 404 486
P 681 488
P 337 490
P 470 490
P 368 491
P 181 495
P 106 496
P 556 496
P 182 497
P 196 497
P 319 498
P 572 499
