P 244 2
P 404 3
P 868 3
P 484 5
P 851 5
P 737 11
P 509 14
P 403 22
P 369 28
P 633 30
P 213 46
P 390 46
P 22 50
P 478 50
P 561 50
P 245 51
P 316 51
P 178 53
P 521 54
P 735 58
P 585 59
P 840 65
P 678 67
P 105 68
P 879 68
P 105 69
P 414 75
P 639 80
P 706 82
P 628 85
P 260 90
P 663 93
P 746 93
P 480 97
P 242 98
P 109 106
P 843 108
P 744 109
P 469 112
P 646 113
P 732 113
P 331 117
P 600 121
P 95 123
P 394 123
P 697 140
P 707 147
P 3 148
P 772 148
P 287 152
P 389 163
P 873 168
P 650 169
P 263 171
P 752 172
P 504 176
P 354 180
P 96 201
P 877 202
P 67 204
P 660 205
P 340 209
P 35 212
P 291 212
P 637 216
P 671 217
P 98 223
P 350 224
P 184 228
P 144 242
P 65 243
P 507 245
P 787 246
P 170 250
P 832 251
P 502 254
P 254 255
P 643 266
P 132 268
P 428 268
P 456 269
P 499 269
P 55 270
P 456 270
P 457 270
P 140 276
P 834 279
P 369 281
P 795 281
P 856 288
P 185 294
P 222 294
P 92 300
P 492 301
P 244 303
P 437 306
P 677 307
P 748 309
P 277 311
P 230 320
P 640 324
P 322 335
P 778 336
P 176 340
P 152 345
P 152 346
P 581 347
P 656 349
P 298 351
P 480 352
P 559 356
P 551 358
P 431 363
P 893 374
P 474 376
P 525 383
P 276 386
P 466 386
P 490 389
P 457 392
P 561 393
P 277 396
P 582 398
P 493 399
P 207 401
P 870 401
P 264 402
P 806 408
P 570 410
P 212 422
P 176 429
P 824 429
P 819 430
P 221 433
P 288 435
P 897 440
P 401 452
P 666 454
P 816 459
P 399 464
P 601 469
P 78 472
P 214 474
P 832 477
P 6 483
P 470 490
P 196 497
P 572 499
