6416.307
6457.282
6466.553
6490.737
6512.364
6531.342
6538.112
6554.160
6583.906
6604.853
6643.698
6243.120
6261.418
6296.872
6307.657
6342.859
6376.931
6384.717
6043.223
6059.373
6098.803
6114.923
6145.441
6169.822
6182.622
6188.125
6191.905
6198.223
6203.493
6207.220
6212.503
6215.938
6224.527
6234.855
6261.418
5912.085
5928.813
5938.825
5994.129
6021.036
6025.150
6037.697
6049.051
6088.030
6090.785
6032.127
5760.551
5789.645
5804.141
5834.263
5860.310
5888.584
5606.733
5615.319
5650.704
5665.180
5681.900
5700.917
5720.183
5739.519
5495.874
5499.255
5509.994
5514.873
5539.262
5587.026
5595.063
6677.282
6684.293
6698.876
6727.458
6766.612
6369.575
6364.894
6406.446
6411.899
6431.555
6151.993
6155.238
6834.925
6248.405
6861.269
6871.289
6911.226
6937.664
6943.600
7030.251
5317.495
5343.581
5407.653
5417.486
5439.989
5187.746
5199.164
5211.230
5221.271
5231.160
5247.655
5252.788
5258.360
5266.710
5067.974
5090.545
5100.621
5115.045
5125.765
5141.783
5158.604
4965.080
4985.373
5002.097
5009.334
5017.163
5039.320
5044.720
5062.037
4847.810
4865.477
4879.863
4889.042
4894.955
4919.816
4933.209
4945.458
4764.865
4778.294
4789.387
4806.020
4840.849
4657.901
4673.661
4695.038
4723.438
4726.868
4735.906
4545.052
4579.350
4589.898
4598.763
4609.567
4628.441
4637.233
4474.759
4481.810
4493.333
4510.733
4379.667
4385.057
4408.883
4426.001
4448.879
4458.001
6719.218
6577.214
6483.083
6348.737
6355.910
6752.833
6827.249
6879.582
6588.540
6591.484
6632.084
6666.359
5882.624
5973.665
5987.302
5998.999
5741.829
5753.026
5763.529
5768.181
5772.114
5773.946
5812.972
5725.388
5863.718
5579.358
5597.476
5677.053
5707.103
5464.205
5506.113
5300.523
5431.112
5162.285
5195.814
5219.110
5096.485
5145.308
5151.612
5154.243
5165.773
5019.806
4972.160
5059.861
5028.656
4872.917
4904.752
4939.642
4943.064
4732.053
4808.134
4813.896
4826.700
4663.203
4668.172
4669.984
4676.055
4686.195
4702.316
4555.813
4561.348
4570.972
4633.766
4522.323
4530.552
4375.954
4433.838
6598.678
6662.269
6791.235
6818.260
6989.655
7000.804
7018.567
7084.169
7107.478
6960.250
6951.478
6371.844
6403.013
6462.595
6303.251
6274.117
5991.007
5942.668
5944.647
5914.671
5891.451
5800.829
5832.370
5815.422
5424.008
5554.070
5504.302
5386.611
5685.192
5691.661
5362.575
5213.349
5384.301
5260.104
4982.487
4993.749
5047.043
4863.172
4766.601
4703.990
4592.666
4515.118
4367.870
4348.064
4333.561
4335.338
4345.168
4300.101
4277.528
4272.169
4331.199
4309.239
4312.997
5548.176
5558.702
5524.957
5467.170
5457.416
5421.352
5390.440
5410.769
5296.279
5360.150
5379.110
7125.820
6780.125
5374.822
5326.976
5394.761